/Users/amii/Programming/advance-topics/rest-rant-monorepo-predeploy/backend/node_modules/sequelize/lib/dialects/postgres/connection-manager.js:172
                reject(new sequelizeErrors.ConnectionRefusedError(err));
                       ^

ConnectionRefusedError [SequelizeConnectionRefusedError]: connect ECONNREFUSED 127.0.0.1:5001
    at Client._connectionCallback (/Users/amii/Programming/advance-topics/rest-rant-monorepo-predeploy/backend/node_modules/sequelize/lib/dialects/postgres/connection-manager.js:172:24)
    at Client._handleErrorWhileConnecting (/Users/amii/Programming/advance-topics/rest-rant-monorepo-predeploy/backend/node_modules/pg/lib/client.js:305:19)
    at Client._handleErrorEvent (/Users/amii/Programming/advance-topics/rest-rant-monorepo-predeploy/backend/node_modules/pg/lib/client.js:315:19)
    at Connection.emit (node:events:527:28)
    at Socket.reportStreamError (/Users/amii/Programming/advance-topics/rest-rant-monorepo-predeploy/backend/node_modules/pg/lib/connection.js:52:12)
    at Socket.emit (node:events:527:28)
    at emitErrorNT (node:internal/streams/destroy:157:8)
    at emitErrorCloseNT (node:internal/streams/destroy:122:3)
    at processTicksAndRejections (node:internal/process/task_queues:83:21) {
  parent: Error: connect ECONNREFUSED 127.0.0.1:5001
      at TCPConnectWrap.afterConnect [as oncomplete] (node:net:1187:16) {
    errno: -61,
    code: 'ECONNREFUSED',
    syscall: 'connect',
    address: '127.0.0.1',
    port: 5001
  },
  original: Error: connect ECONNREFUSED 127.0.0.1:5001
      at TCPConnectWrap.afterConnect [as oncomplete] (node:net:1187:16) {
    errno: -61,
    code: 'ECONNREFUSED',
    syscall: 'connect',
    address: '127.0.0.1',
    port: 5001
  }
}
